<?xml version="1.0" encoding="UTF-8"?>
<!-- Generated by org.testng.reporters.JUnitXMLReporter -->
<testsuite hostname="LAPTOP-VV23PLPG" name="FREE CRM App Test Cases" tests="7" failures="0" timestamp="9 Jan 2020 18:13:04 GMT" time="113.95" errors="0">
  <testcase name="loginPageTitleTest" time="5.026" classname="com.crm.qa.testCases.LoginPageTest"/>
  <testcase name="loginTest" time="5.587" classname="com.crm.qa.testCases.LoginPageTest"/>
  <testcase name="homePageTitle" time="0.007" classname="com.crm.qa.testCases.HomePageTest"/>
  <testcase name="veriftUserNameTest" time="0.903" classname="com.crm.qa.testCases.HomePageTest"/>
  <testcase name="verifyContactsLinkTest" time="1.126" classname="com.crm.qa.testCases.HomePageTest"/>
  <testcase name="vefifyContactPageLevel" time="0.055" classname="com.crm.qa.testCases.ContactPageTest"/>
  <testcase name="validateCreateNewContact" time="1.282" classname="com.crm.qa.testCases.ContactPageTest"/>
</testsuite> <!-- FREE CRM App Test Cases -->
